2018-12-20 23:36:51,186:INFO:Logging initialized.
2018-12-20 23:36:51,192:INFO:Adding person0 of variety HIV? uncoupled
2018-12-20 23:36:51,192:INFO:Adding person1 of variety HIV? uncoupled
2018-12-20 23:36:51,192:INFO:Adding person2 of variety HIV? uncoupled
2018-12-20 23:36:51,192:INFO:Adding person3 of variety HIV? uncoupled
2018-12-20 23:36:51,193:INFO:Adding person4 of variety HIV? uncoupled
2018-12-20 23:36:51,193:INFO:Adding person5 of variety HIV? uncoupled
2018-12-20 23:36:51,193:INFO:Adding person6 of variety HIV? uncoupled
2018-12-20 23:36:51,193:INFO:Adding person7 of variety HIV? uncoupled
2018-12-20 23:36:51,193:INFO:Adding person8 of variety HIV- uncoupled
2018-12-20 23:36:51,194:INFO:Adding person9 of variety HIV- uncoupled
2018-12-20 23:36:51,194:INFO:Adding person10 of variety HIV- uncoupled
2018-12-20 23:36:51,194:INFO:Adding person11 of variety HIV- uncoupled
2018-12-20 23:36:51,194:INFO:Adding person12 of variety HIV- uncoupled
2018-12-20 23:36:51,195:INFO:Adding person13 of variety HIV- uncoupled
2018-12-20 23:36:51,195:INFO:Adding person14 of variety HIV- uncoupled
2018-12-20 23:36:51,195:INFO:Adding person15 of variety HIV- uncoupled
2018-12-20 23:36:51,195:INFO:Adding person16 of variety HIV- uncoupled
2018-12-20 23:36:51,196:INFO:Adding person17 of variety HIV- uncoupled
2018-12-20 23:36:51,196:INFO:Adding person18 of variety HIV- uncoupled
2018-12-20 23:36:51,196:INFO:Adding person19 of variety HIV- uncoupled
2018-12-20 23:36:51,196:INFO:Adding person20 of variety HIV- uncoupled
2018-12-20 23:36:51,196:INFO:Adding person21 of variety HIV- uncoupled
2018-12-20 23:36:51,196:INFO:Adding person22 of variety HIV- uncoupled
2018-12-20 23:36:51,197:INFO:Adding person23 of variety HIV- uncoupled
2018-12-20 23:36:51,197:INFO:Adding person24 of variety HIV- uncoupled
2018-12-20 23:36:51,197:INFO:Adding person25 of variety HIV- uncoupled
2018-12-20 23:36:51,197:INFO:Adding person26 of variety HIV- uncoupled
2018-12-20 23:36:51,197:INFO:Adding person27 of variety HIV- uncoupled
2018-12-20 23:36:51,197:INFO:Adding person28 of variety HIV- uncoupled
2018-12-20 23:36:51,198:INFO:Adding person29 of variety HIV- uncoupled
2018-12-20 23:36:51,198:INFO:Adding person30 of variety HIV- uncoupled
2018-12-20 23:36:51,198:INFO:Adding person31 of variety HIV- uncoupled
2018-12-20 23:36:51,198:INFO:Adding person32 of variety HIV- uncoupled
2018-12-20 23:36:51,198:INFO:Adding person33 of variety HIV- uncoupled
2018-12-20 23:36:51,198:INFO:Adding person34 of variety HIV- uncoupled
2018-12-20 23:36:51,199:INFO:Adding person35 of variety HIV- uncoupled
2018-12-20 23:36:51,199:INFO:Adding person36 of variety HIV- uncoupled
2018-12-20 23:36:51,199:INFO:Adding person37 of variety HIV- uncoupled
2018-12-20 23:36:51,199:INFO:Adding person38 of variety HIV- uncoupled
2018-12-20 23:36:51,199:INFO:Adding person39 of variety HIV- uncoupled
2018-12-20 23:36:51,199:INFO:Adding person40 of variety HIV- uncoupled
2018-12-20 23:36:51,200:INFO:Adding person41 of variety HIV- uncoupled
2018-12-20 23:36:51,200:INFO:Adding person42 of variety HIV- uncoupled
2018-12-20 23:36:51,200:INFO:Adding person43 of variety HIV- uncoupled
2018-12-20 23:36:51,200:INFO:Adding person44 of variety HIV- uncoupled
2018-12-20 23:36:51,200:INFO:Adding person45 of variety HIV- uncoupled
2018-12-20 23:36:51,201:INFO:Adding person46 of variety HIV- uncoupled
2018-12-20 23:36:51,201:INFO:Adding person47 of variety HIV- uncoupled
2018-12-20 23:36:51,201:INFO:Adding person48 of variety HIV- uncoupled
2018-12-20 23:36:51,201:INFO:Adding person49 of variety HIV- uncoupled
2018-12-20 23:36:51,201:INFO:Adding person50 of variety HIV- uncoupled
2018-12-20 23:36:51,202:INFO:Adding person51 of variety HIV- uncoupled
2018-12-20 23:36:51,202:INFO:Adding person52 of variety HIV- uncoupled
2018-12-20 23:36:51,202:INFO:Adding person53 of variety HIV- uncoupled
2018-12-20 23:36:51,202:INFO:Adding person54 of variety HIV- uncoupled
2018-12-20 23:36:51,203:INFO:Adding person55 of variety HIV- uncoupled
2018-12-20 23:36:51,203:INFO:Adding person56 of variety HIV- uncoupled
2018-12-20 23:36:51,203:INFO:Adding person57 of variety HIV- uncoupled
2018-12-20 23:36:51,203:INFO:Adding person58 of variety HIV- uncoupled
2018-12-20 23:36:51,204:INFO:Adding person59 of variety HIV- uncoupled
2018-12-20 23:36:51,204:INFO:Adding person60 of variety HIV- uncoupled
2018-12-20 23:36:51,204:INFO:Adding person61 of variety HIV- uncoupled
2018-12-20 23:36:51,204:INFO:Adding person62 of variety HIV- uncoupled
2018-12-20 23:36:51,204:INFO:Adding person63 of variety HIV- uncoupled
2018-12-20 23:36:51,204:INFO:Adding person64 of variety HIV- uncoupled
2018-12-20 23:36:51,205:INFO:Adding person65 of variety HIV- uncoupled
2018-12-20 23:36:51,205:INFO:Adding person66 of variety HIV- uncoupled
2018-12-20 23:36:51,205:INFO:Adding person67 of variety HIV- uncoupled
2018-12-20 23:36:51,205:INFO:Adding person68 of variety HIV- uncoupled
2018-12-20 23:36:51,205:INFO:Adding person69 of variety HIV- uncoupled
2018-12-20 23:36:51,206:INFO:Adding person70 of variety HIV- uncoupled
2018-12-20 23:36:51,206:INFO:Adding person71 of variety HIV- uncoupled
2018-12-20 23:36:51,206:INFO:Adding person72 of variety HIV- uncoupled
2018-12-20 23:36:51,206:INFO:Adding person73 of variety HIV- uncoupled
2018-12-20 23:36:51,206:INFO:Adding person74 of variety HIV- uncoupled
2018-12-20 23:36:51,206:INFO:Adding person75 of variety HIV- uncoupled
2018-12-20 23:36:51,206:INFO:Adding person76 of variety HIV- uncoupled
2018-12-20 23:36:51,207:INFO:Adding person77 of variety HIV- uncoupled
2018-12-20 23:36:51,207:INFO:Adding person78 of variety HIV- uncoupled
2018-12-20 23:36:51,207:INFO:Adding person79 of variety HIV- uncoupled
2018-12-20 23:36:51,207:INFO:Adding person80 of variety HIV- uncoupled
2018-12-20 23:36:51,207:INFO:Adding person81 of variety HIV- uncoupled
2018-12-20 23:36:51,207:INFO:Adding person82 of variety HIV- uncoupled
2018-12-20 23:36:51,207:INFO:Adding person83 of variety HIV- uncoupled
2018-12-20 23:36:51,208:INFO:Adding person84 of variety HIV- uncoupled
2018-12-20 23:36:51,208:INFO:Adding person85 of variety HIV- uncoupled
2018-12-20 23:36:51,208:INFO:Adding person86 of variety HIV- uncoupled
2018-12-20 23:36:51,208:INFO:Adding person87 of variety HIV- uncoupled
2018-12-20 23:36:51,208:INFO:Adding person88 of variety HIV- uncoupled
2018-12-20 23:36:51,208:INFO:Adding person89 of variety HIV- uncoupled
2018-12-20 23:36:51,209:INFO:Adding person90 of variety HIV- uncoupled
2018-12-20 23:36:51,209:INFO:Adding person91 of variety HIV- uncoupled
2018-12-20 23:36:51,209:INFO:Adding person92 of variety HIV- uncoupled
2018-12-20 23:36:51,209:INFO:Adding person93 of variety HIV- uncoupled
2018-12-20 23:36:51,209:INFO:Adding person94 of variety HIV- uncoupled
2018-12-20 23:36:51,209:INFO:Adding person95 of variety HIV- uncoupled
2018-12-20 23:36:51,209:INFO:Adding person96 of variety HIV- uncoupled
2018-12-20 23:36:51,210:INFO:Adding person97 of variety HIV- uncoupled
2018-12-20 23:36:51,210:INFO:Adding person98 of variety HIV- uncoupled
2018-12-20 23:36:51,210:INFO:Adding person99 of variety HIV- uncoupled
2018-12-20 23:36:51,210:INFO:Adding person100 of variety HIV- uncoupled
2018-12-20 23:36:51,210:INFO:Adding person101 of variety HIV- uncoupled
2018-12-20 23:36:51,210:INFO:Adding person102 of variety HIV- uncoupled
2018-12-20 23:36:51,211:INFO:Adding person103 of variety HIV- uncoupled
2018-12-20 23:36:51,211:INFO:Adding person104 of variety HIV- uncoupled
2018-12-20 23:36:51,211:INFO:Adding person105 of variety HIV- uncoupled
2018-12-20 23:36:51,211:INFO:Adding person106 of variety HIV- uncoupled
2018-12-20 23:36:51,212:INFO:Adding person107 of variety HIV- uncoupled
2018-12-20 23:36:51,212:INFO:Adding person108 of variety HIV- uncoupled
2018-12-20 23:36:51,212:INFO:Adding person109 of variety HIV- uncoupled
2018-12-20 23:36:51,213:INFO:Adding person110 of variety HIV- uncoupled
2018-12-20 23:36:51,213:INFO:Adding person111 of variety HIV- uncoupled
2018-12-20 23:36:51,213:INFO:Adding person112 of variety HIV- uncoupled
2018-12-20 23:36:51,213:INFO:Adding person113 of variety HIV- uncoupled
2018-12-20 23:36:51,213:INFO:Adding person114 of variety HIV- uncoupled
2018-12-20 23:36:51,213:INFO:Adding person115 of variety HIV- uncoupled
2018-12-20 23:36:51,214:INFO:Adding person116 of variety HIV- uncoupled
2018-12-20 23:36:51,214:INFO:Adding person117 of variety HIV- uncoupled
2018-12-20 23:36:51,214:INFO:Adding person118 of variety HIV- uncoupled
2018-12-20 23:36:51,214:INFO:Adding person119 of variety HIV- uncoupled
2018-12-20 23:36:51,214:INFO:Adding person120 of variety HIV- uncoupled
2018-12-20 23:36:51,214:INFO:Adding person121 of variety HIV- uncoupled
2018-12-20 23:36:51,214:INFO:Adding person122 of variety HIV- uncoupled
2018-12-20 23:36:51,215:INFO:Adding person123 of variety HIV- uncoupled
2018-12-20 23:36:51,215:INFO:Adding person124 of variety HIV- uncoupled
2018-12-20 23:36:51,215:INFO:Adding person125 of variety HIV- uncoupled
2018-12-20 23:36:51,215:INFO:Adding person126 of variety HIV- uncoupled
2018-12-20 23:36:51,215:INFO:Adding person127 of variety HIV- uncoupled
2018-12-20 23:36:51,215:INFO:Adding person128 of variety HIV- uncoupled
2018-12-20 23:36:51,215:INFO:Adding person129 of variety HIV- uncoupled
2018-12-20 23:36:51,216:INFO:Adding person130 of variety HIV- uncoupled
2018-12-20 23:36:51,216:INFO:Adding person131 of variety HIV- uncoupled
2018-12-20 23:36:51,216:INFO:Adding person132 of variety HIV- uncoupled
2018-12-20 23:36:51,216:INFO:Adding person133 of variety HIV- uncoupled
2018-12-20 23:36:51,216:INFO:Adding person134 of variety HIV- uncoupled
2018-12-20 23:36:51,216:INFO:Adding person135 of variety HIV- uncoupled
2018-12-20 23:36:51,216:INFO:Adding person136 of variety HIV- uncoupled
2018-12-20 23:36:51,217:INFO:Adding person137 of variety HIV- uncoupled
2018-12-20 23:36:51,217:INFO:Adding person138 of variety HIV- uncoupled
2018-12-20 23:36:51,217:INFO:Adding person139 of variety HIV- uncoupled
2018-12-20 23:36:51,217:INFO:Adding person140 of variety HIV- uncoupled
2018-12-20 23:36:51,217:INFO:Adding person141 of variety HIV- uncoupled
2018-12-20 23:36:51,217:INFO:Adding person142 of variety HIV- uncoupled
2018-12-20 23:36:51,217:INFO:Adding person143 of variety HIV- uncoupled
2018-12-20 23:36:51,218:INFO:Adding person144 of variety HIV- uncoupled
2018-12-20 23:36:51,218:INFO:Adding person145 of variety HIV- uncoupled
2018-12-20 23:36:51,218:INFO:Adding person146 of variety HIV- uncoupled
2018-12-20 23:36:51,218:INFO:Adding person147 of variety HIV- uncoupled
2018-12-20 23:36:51,218:INFO:Adding person148 of variety HIV- uncoupled
2018-12-20 23:36:51,218:INFO:Adding person149 of variety HIV- uncoupled
2018-12-20 23:36:51,219:INFO:Adding person150 of variety HIV- uncoupled
2018-12-20 23:36:51,219:INFO:Adding person151 of variety HIV- uncoupled
2018-12-20 23:36:51,219:INFO:Adding person152 of variety HIV- uncoupled
2018-12-20 23:36:51,219:INFO:Adding person153 of variety HIV- uncoupled
2018-12-20 23:36:51,219:INFO:Adding person154 of variety HIV- uncoupled
2018-12-20 23:36:51,219:INFO:Adding person155 of variety HIV- uncoupled
2018-12-20 23:36:51,219:INFO:Adding person156 of variety HIV- uncoupled
2018-12-20 23:36:51,220:INFO:Adding person157 of variety HIV- uncoupled
2018-12-20 23:36:51,220:INFO:Adding person158 of variety HIV- uncoupled
2018-12-20 23:36:51,220:INFO:Adding person159 of variety HIV- uncoupled
2018-12-20 23:36:51,221:INFO:Adding person160 of variety HIV- uncoupled
2018-12-20 23:36:51,221:INFO:Adding person161 of variety HIV- uncoupled
2018-12-20 23:36:51,221:INFO:Adding person162 of variety HIV- uncoupled
2018-12-20 23:36:51,221:INFO:Adding person163 of variety HIV- uncoupled
2018-12-20 23:36:51,222:INFO:Adding person164 of variety HIV- uncoupled
2018-12-20 23:36:51,222:INFO:Adding person165 of variety HIV- uncoupled
2018-12-20 23:36:51,222:INFO:Adding person166 of variety HIV- uncoupled
2018-12-20 23:36:51,222:INFO:Adding person167 of variety HIV- uncoupled
2018-12-20 23:36:51,222:INFO:Adding person168 of variety HIV- uncoupled
2018-12-20 23:36:51,222:INFO:Adding person169 of variety HIV- uncoupled
2018-12-20 23:36:51,222:INFO:Adding person170 of variety HIV- uncoupled
2018-12-20 23:36:51,223:INFO:Adding person171 of variety HIV- uncoupled
2018-12-20 23:36:51,223:INFO:Adding person172 of variety HIV- uncoupled
2018-12-20 23:36:51,223:INFO:Adding person173 of variety HIV- uncoupled
2018-12-20 23:36:51,223:INFO:Adding person174 of variety HIV- uncoupled
2018-12-20 23:36:51,223:INFO:Adding person175 of variety HIV- uncoupled
2018-12-20 23:36:51,223:INFO:Adding person176 of variety HIV- uncoupled
2018-12-20 23:36:51,224:INFO:Adding person177 of variety HIV- uncoupled
2018-12-20 23:36:51,224:INFO:Adding person178 of variety HIV- uncoupled
2018-12-20 23:36:51,224:INFO:Adding person179 of variety HIV- uncoupled
2018-12-20 23:36:51,224:INFO:Adding person180 of variety HIV- uncoupled
2018-12-20 23:36:51,224:INFO:Adding person181 of variety HIV- uncoupled
2018-12-20 23:36:51,224:INFO:Adding person182 of variety HIV- uncoupled
2018-12-20 23:36:51,224:INFO:Adding person183 of variety HIV- uncoupled
2018-12-20 23:36:51,225:INFO:Adding person184 of variety HIV- uncoupled
2018-12-20 23:36:51,225:INFO:Adding person185 of variety HIV- uncoupled
2018-12-20 23:36:51,225:INFO:Adding person186 of variety HIV- uncoupled
2018-12-20 23:36:51,225:INFO:Adding person187 of variety HIV- uncoupled
2018-12-20 23:36:51,225:INFO:Adding person188 of variety HIV- uncoupled
2018-12-20 23:36:51,225:INFO:Adding person189 of variety HIV- uncoupled
2018-12-20 23:36:51,225:INFO:Adding person190 of variety HIV- uncoupled
2018-12-20 23:36:51,226:INFO:Adding person191 of variety HIV- uncoupled
2018-12-20 23:36:51,226:INFO:Adding person192 of variety HIV- uncoupled
2018-12-20 23:36:51,226:INFO:Adding person193 of variety HIV- uncoupled
2018-12-20 23:36:51,226:INFO:Adding person194 of variety HIV- uncoupled
2018-12-20 23:36:51,226:INFO:Adding person195 of variety HIV- uncoupled
2018-12-20 23:36:51,226:INFO:Adding person196 of variety HIV- uncoupled
2018-12-20 23:36:51,227:INFO:Adding person197 of variety HIV- uncoupled
2018-12-20 23:36:51,227:INFO:Adding person198 of variety HIV- uncoupled
2018-12-20 23:36:51,227:INFO:Adding person199 of variety HIV- uncoupled
2018-12-20 23:36:51,227:INFO:Adding person200 of variety HIV- uncoupled
2018-12-20 23:36:51,227:INFO:Adding person201 of variety HIV- uncoupled
2018-12-20 23:36:51,227:INFO:Adding person202 of variety HIV- uncoupled
2018-12-20 23:36:51,227:INFO:Adding person203 of variety HIV- uncoupled
2018-12-20 23:36:51,227:INFO:Adding person204 of variety HIV- uncoupled
2018-12-20 23:36:51,228:INFO:Adding person205 of variety HIV- uncoupled
2018-12-20 23:36:51,228:INFO:Adding person206 of variety HIV- uncoupled
2018-12-20 23:36:51,228:INFO:Adding person207 of variety HIV- uncoupled
2018-12-20 23:36:51,228:INFO:Adding person208 of variety HIV- uncoupled
2018-12-20 23:36:51,228:INFO:Adding person209 of variety HIV- uncoupled
2018-12-20 23:36:51,228:INFO:Adding person210 of variety HIV- uncoupled
2018-12-20 23:36:51,228:INFO:Adding person211 of variety HIV- uncoupled
2018-12-20 23:36:51,229:INFO:Adding person212 of variety HIV- uncoupled
2018-12-20 23:36:51,229:INFO:Adding person213 of variety HIV- uncoupled
2018-12-20 23:36:51,229:INFO:Adding person214 of variety HIV- uncoupled
2018-12-20 23:36:51,229:INFO:Adding person215 of variety HIV- uncoupled
2018-12-20 23:36:51,229:INFO:Adding person216 of variety HIV- uncoupled
2018-12-20 23:36:51,229:INFO:Adding person217 of variety HIV- uncoupled
2018-12-20 23:36:51,230:INFO:Adding person218 of variety HIV- uncoupled
2018-12-20 23:36:51,230:INFO:Adding person219 of variety HIV- uncoupled
2018-12-20 23:36:51,230:INFO:Adding person220 of variety HIV- uncoupled
2018-12-20 23:36:51,230:INFO:Adding person221 of variety HIV- uncoupled
2018-12-20 23:36:51,230:INFO:Adding person222 of variety HIV- uncoupled
2018-12-20 23:36:51,230:INFO:Adding person223 of variety HIV- uncoupled
2018-12-20 23:36:51,231:INFO:Adding person224 of variety HIV- uncoupled
2018-12-20 23:36:51,231:INFO:Adding person225 of variety HIV- uncoupled
2018-12-20 23:36:51,231:INFO:Adding person226 of variety HIV- uncoupled
2018-12-20 23:36:51,231:INFO:Adding person227 of variety HIV- uncoupled
2018-12-20 23:36:51,231:INFO:Adding person228 of variety HIV- uncoupled
2018-12-20 23:36:51,231:INFO:Adding person229 of variety HIV- uncoupled
2018-12-20 23:36:51,232:INFO:Adding person230 of variety HIV- uncoupled
2018-12-20 23:36:51,232:INFO:Adding person231 of variety HIV- uncoupled
2018-12-20 23:36:51,232:INFO:Adding person232 of variety HIV- uncoupled
2018-12-20 23:36:51,232:INFO:Adding person233 of variety HIV- uncoupled
2018-12-20 23:36:51,232:INFO:Adding person234 of variety HIV- uncoupled
2018-12-20 23:36:51,232:INFO:Adding person235 of variety HIV- uncoupled
2018-12-20 23:36:51,233:INFO:Adding person236 of variety HIV- uncoupled
2018-12-20 23:36:51,233:INFO:Adding person237 of variety HIV- uncoupled
2018-12-20 23:36:51,233:INFO:Adding person238 of variety HIV- uncoupled
2018-12-20 23:36:51,233:INFO:Adding person239 of variety HIV- uncoupled
2018-12-20 23:36:51,233:INFO:Adding person240 of variety HIV- uncoupled
2018-12-20 23:36:51,233:INFO:Adding person241 of variety HIV- uncoupled
2018-12-20 23:36:51,233:INFO:Adding person242 of variety HIV- uncoupled
2018-12-20 23:36:51,234:INFO:Adding person243 of variety HIV- uncoupled
2018-12-20 23:36:51,234:INFO:Adding person244 of variety HIV- uncoupled
2018-12-20 23:36:51,234:INFO:Adding person245 of variety HIV- uncoupled
2018-12-20 23:36:51,234:INFO:Adding person246 of variety HIV- uncoupled
2018-12-20 23:36:51,234:INFO:Adding person247 of variety HIV- uncoupled
2018-12-20 23:36:51,234:INFO:Adding person248 of variety HIV- uncoupled
2018-12-20 23:36:51,235:INFO:Adding person249 of variety HIV- uncoupled
2018-12-20 23:36:51,235:INFO:Adding person250 of variety HIV- uncoupled
2018-12-20 23:36:51,235:INFO:Adding person251 of variety HIV- uncoupled
2018-12-20 23:36:51,235:INFO:Adding person252 of variety HIV- uncoupled
2018-12-20 23:36:51,235:INFO:Adding person253 of variety HIV- uncoupled
2018-12-20 23:36:51,235:INFO:Adding person254 of variety HIV- uncoupled
2018-12-20 23:36:51,235:INFO:Adding person255 of variety HIV- uncoupled
2018-12-20 23:36:51,236:INFO:Adding person256 of variety HIV- uncoupled
2018-12-20 23:36:51,236:INFO:Adding person257 of variety HIV- uncoupled
2018-12-20 23:36:51,236:INFO:Adding person258 of variety HIV- uncoupled
2018-12-20 23:36:51,236:INFO:Adding person259 of variety HIV- uncoupled
2018-12-20 23:36:51,236:INFO:Adding person260 of variety HIV- uncoupled
2018-12-20 23:36:51,236:INFO:Adding person261 of variety HIV- uncoupled
2018-12-20 23:36:51,236:INFO:Adding person262 of variety HIV- uncoupled
2018-12-20 23:36:51,237:INFO:Adding person263 of variety HIV- uncoupled
2018-12-20 23:36:51,237:INFO:Adding person264 of variety HIV- uncoupled
2018-12-20 23:36:51,237:INFO:Adding person265 of variety HIV- uncoupled
2018-12-20 23:36:51,237:INFO:Adding person266 of variety HIV- uncoupled
2018-12-20 23:36:51,237:INFO:Adding person267 of variety HIV- uncoupled
2018-12-20 23:36:51,237:INFO:Adding person268 of variety HIV- uncoupled
2018-12-20 23:36:51,237:INFO:Adding person269 of variety HIV- uncoupled
2018-12-20 23:36:51,238:INFO:Adding person270 of variety HIV- uncoupled
2018-12-20 23:36:51,238:INFO:Adding person271 of variety HIV- uncoupled
2018-12-20 23:36:51,238:INFO:Adding person272 of variety HIV- uncoupled
2018-12-20 23:36:51,238:INFO:Adding person273 of variety HIV- uncoupled
2018-12-20 23:36:51,238:INFO:Adding person274 of variety HIV- uncoupled
2018-12-20 23:36:51,238:INFO:Adding person275 of variety HIV- uncoupled
2018-12-20 23:36:51,239:INFO:Adding person276 of variety HIV- uncoupled
2018-12-20 23:36:51,239:INFO:Adding person277 of variety HIV- uncoupled
2018-12-20 23:36:51,239:INFO:Adding person278 of variety HIV- uncoupled
2018-12-20 23:36:51,239:INFO:Adding person279 of variety HIV- uncoupled
2018-12-20 23:36:51,239:INFO:Adding person280 of variety HIV- uncoupled
2018-12-20 23:36:51,239:INFO:Adding person281 of variety HIV- uncoupled
2018-12-20 23:36:51,239:INFO:Adding person282 of variety HIV- uncoupled
2018-12-20 23:36:51,240:INFO:Adding person283 of variety HIV- uncoupled
2018-12-20 23:36:51,240:INFO:Adding person284 of variety HIV- uncoupled
2018-12-20 23:36:51,240:INFO:Adding person285 of variety HIV- uncoupled
2018-12-20 23:36:51,240:INFO:Adding person286 of variety HIV- uncoupled
2018-12-20 23:36:51,240:INFO:Adding person287 of variety HIV- uncoupled
2018-12-20 23:36:51,240:INFO:Adding person288 of variety HIV- uncoupled
2018-12-20 23:36:51,240:INFO:Adding person289 of variety HIV- uncoupled
2018-12-20 23:36:51,241:INFO:Adding person290 of variety HIV- uncoupled
2018-12-20 23:36:51,241:INFO:Adding person291 of variety HIV- uncoupled
2018-12-20 23:36:51,241:INFO:Adding person292 of variety HIV- uncoupled
2018-12-20 23:36:51,241:INFO:Adding person293 of variety HIV- uncoupled
2018-12-20 23:36:51,241:INFO:Adding person294 of variety HIV- uncoupled
2018-12-20 23:36:51,241:INFO:Adding person295 of variety HIV- uncoupled
2018-12-20 23:36:51,241:INFO:Adding person296 of variety HIV- uncoupled
2018-12-20 23:36:51,242:INFO:Adding person297 of variety HIV- uncoupled
2018-12-20 23:36:51,242:INFO:Adding person298 of variety HIV- uncoupled
2018-12-20 23:36:51,242:INFO:Adding person299 of variety HIV- uncoupled
2018-12-20 23:36:51,242:INFO:Starting program hiv.py
2018-12-20 23:36:52,129:INFO:Adding person28 of variety HIV- coupled
2018-12-20 23:36:52,130:INFO:Adding person58 of variety HIV- coupled
2018-12-20 23:36:52,130:INFO:Adding person76 of variety HIV- coupled
2018-12-20 23:36:52,130:INFO:Adding person82 of variety HIV- coupled
2018-12-20 23:36:52,130:INFO:Adding person93 of variety HIV- coupled
2018-12-20 23:36:52,130:INFO:Adding person97 of variety HIV- coupled
2018-12-20 23:36:52,130:INFO:Adding person102 of variety HIV- coupled
2018-12-20 23:36:52,131:INFO:Adding person111 of variety HIV- coupled
2018-12-20 23:36:52,131:INFO:Adding person153 of variety HIV- coupled
2018-12-20 23:36:52,131:INFO:Adding person159 of variety HIV- coupled
2018-12-20 23:36:52,131:INFO:Adding person163 of variety HIV- coupled
2018-12-20 23:36:52,132:INFO:Adding person166 of variety HIV- coupled
2018-12-20 23:36:52,132:INFO:Adding person169 of variety HIV- coupled
2018-12-20 23:36:52,132:INFO:Adding person173 of variety HIV- coupled
2018-12-20 23:36:52,132:INFO:Adding person191 of variety HIV- coupled
2018-12-20 23:36:52,132:INFO:Adding person194 of variety HIV- coupled
2018-12-20 23:36:52,132:INFO:Adding person200 of variety HIV- coupled
2018-12-20 23:36:52,132:INFO:Adding person204 of variety HIV- coupled
2018-12-20 23:36:52,133:INFO:Adding person215 of variety HIV- coupled
2018-12-20 23:36:52,133:INFO:Adding person217 of variety HIV- coupled
2018-12-20 23:36:52,133:INFO:Adding person224 of variety HIV- coupled
2018-12-20 23:36:52,133:INFO:Adding person226 of variety HIV- coupled
2018-12-20 23:36:52,133:INFO:Adding person229 of variety HIV- coupled
2018-12-20 23:36:52,133:INFO:Adding person234 of variety HIV- coupled
2018-12-20 23:36:52,133:INFO:Adding person236 of variety HIV- coupled
2018-12-20 23:36:52,133:INFO:Adding person239 of variety HIV- coupled
2018-12-20 23:36:52,134:INFO:Adding person241 of variety HIV- coupled
2018-12-20 23:36:52,134:INFO:Adding person245 of variety HIV- coupled
2018-12-20 23:36:52,134:INFO:Adding person247 of variety HIV- coupled
2018-12-20 23:36:52,134:INFO:Adding person249 of variety HIV- coupled
2018-12-20 23:36:52,134:INFO:Adding person252 of variety HIV- coupled
2018-12-20 23:36:52,134:INFO:Adding person256 of variety HIV- coupled
2018-12-20 23:36:52,134:INFO:Adding person258 of variety HIV- coupled
2018-12-20 23:36:52,134:INFO:Adding person260 of variety HIV- coupled
2018-12-20 23:36:52,134:INFO:Adding person262 of variety HIV- coupled
2018-12-20 23:36:52,134:INFO:Adding person264 of variety HIV- coupled
2018-12-20 23:36:52,134:INFO:Adding person266 of variety HIV- coupled
2018-12-20 23:36:52,134:INFO:Adding person268 of variety HIV- coupled
2018-12-20 23:36:52,135:INFO:Adding person271 of variety HIV- coupled
2018-12-20 23:36:52,135:INFO:Adding person273 of variety HIV- coupled
2018-12-20 23:36:52,135:INFO:Adding person275 of variety HIV- coupled
2018-12-20 23:36:52,135:INFO:Adding person280 of variety HIV- coupled
2018-12-20 23:36:52,135:INFO:Adding person284 of variety HIV- coupled
2018-12-20 23:36:52,135:INFO:Adding person286 of variety HIV- coupled
2018-12-20 23:36:52,135:INFO:Adding person288 of variety HIV- coupled
2018-12-20 23:36:52,135:INFO:Adding person291 of variety HIV- coupled
2018-12-20 23:36:52,135:INFO:Adding person293 of variety HIV- coupled
2018-12-20 23:36:52,135:INFO:Adding person296 of variety HIV- coupled
2018-12-20 23:36:52,168:INFO:Adding person8 of variety HIV- coupled
2018-12-20 23:36:52,169:INFO:Adding person10 of variety HIV- coupled
2018-12-20 23:36:52,169:INFO:Adding person13 of variety HIV- coupled
2018-12-20 23:36:52,169:INFO:Adding person17 of variety HIV- coupled
2018-12-20 23:36:52,169:INFO:Adding person22 of variety HIV- coupled
2018-12-20 23:36:52,169:INFO:Adding person24 of variety HIV- coupled
2018-12-20 23:36:52,169:INFO:Adding person26 of variety HIV- coupled
2018-12-20 23:36:52,169:INFO:Adding person30 of variety HIV- coupled
2018-12-20 23:36:52,169:INFO:Adding person33 of variety HIV- coupled
2018-12-20 23:36:52,169:INFO:Adding person35 of variety HIV- coupled
2018-12-20 23:36:52,169:INFO:Adding person41 of variety HIV? coupled
2018-12-20 23:36:52,169:INFO:Adding person44 of variety HIV- coupled
2018-12-20 23:36:52,169:INFO:Adding person48 of variety HIV- coupled
2018-12-20 23:36:52,169:INFO:Adding person50 of variety HIV- coupled
2018-12-20 23:36:52,169:INFO:Adding person53 of variety HIV- coupled
2018-12-20 23:36:52,169:INFO:Adding person55 of variety HIV- coupled
2018-12-20 23:36:52,169:INFO:Adding person62 of variety HIV- coupled
2018-12-20 23:36:52,169:INFO:Adding person65 of variety HIV- coupled
2018-12-20 23:36:52,170:INFO:Adding person69 of variety HIV- coupled
2018-12-20 23:36:52,170:INFO:Adding person74 of variety HIV- coupled
2018-12-20 23:36:52,170:INFO:Adding person84 of variety HIV- coupled
2018-12-20 23:36:52,170:INFO:Adding person86 of variety HIV- coupled
2018-12-20 23:36:52,170:INFO:Adding person95 of variety HIV- coupled
2018-12-20 23:36:52,170:INFO:Adding person98 of variety HIV- coupled
2018-12-20 23:36:52,170:INFO:Adding person100 of variety HIV- coupled
2018-12-20 23:36:52,170:INFO:Adding person106 of variety HIV- coupled
2018-12-20 23:36:52,170:INFO:Adding person119 of variety HIV- coupled
2018-12-20 23:36:52,170:INFO:Adding person122 of variety HIV- coupled
2018-12-20 23:36:52,170:INFO:Adding person126 of variety HIV- coupled
2018-12-20 23:36:52,170:INFO:Adding person131 of variety HIV- coupled
2018-12-20 23:36:52,170:INFO:Adding person133 of variety HIV- coupled
2018-12-20 23:36:52,170:INFO:Adding person138 of variety HIV- coupled
2018-12-20 23:36:52,170:INFO:Adding person144 of variety HIV- coupled
2018-12-20 23:36:52,171:INFO:Adding person147 of variety HIV- coupled
2018-12-20 23:36:52,171:INFO:Adding person149 of variety HIV- coupled
2018-12-20 23:36:52,171:INFO:Adding person151 of variety HIV- coupled
2018-12-20 23:36:52,171:INFO:Adding person156 of variety HIV- coupled
2018-12-20 23:36:52,171:INFO:Adding person161 of variety HIV- coupled
2018-12-20 23:36:52,171:INFO:Adding person172 of variety HIV- coupled
2018-12-20 23:36:52,171:INFO:Adding person179 of variety HIV- coupled
2018-12-20 23:36:52,171:INFO:Adding person181 of variety HIV- coupled
2018-12-20 23:36:52,171:INFO:Adding person192 of variety HIV- coupled
2018-12-20 23:36:52,171:INFO:Adding person198 of variety HIV- coupled
2018-12-20 23:36:52,171:INFO:Adding person203 of variety HIV- coupled
2018-12-20 23:36:52,171:INFO:Adding person206 of variety HIV? coupled
2018-12-20 23:36:52,171:INFO:Adding person208 of variety HIV- coupled
2018-12-20 23:36:52,171:INFO:Adding person211 of variety HIV- coupled
2018-12-20 23:36:52,171:INFO:Adding person216 of variety HIV- coupled
2018-12-20 23:36:52,171:INFO:Adding person219 of variety HIV- coupled
2018-12-20 23:36:52,171:INFO:Adding person221 of variety HIV- coupled
2018-12-20 23:36:52,172:INFO:Adding person230 of variety HIV? coupled
2018-12-20 23:36:52,172:INFO:Adding person233 of variety HIV- coupled
2018-12-20 23:36:52,172:INFO:Adding person248 of variety HIV- coupled
2018-12-20 23:36:52,172:INFO:Adding person253 of variety HIV- coupled
2018-12-20 23:36:52,172:INFO:Adding person263 of variety HIV- coupled
2018-12-20 23:36:52,172:INFO:Adding person267 of variety HIV- coupled
2018-12-20 23:36:52,172:INFO:Adding person281 of variety HIV- coupled
2018-12-20 23:36:52,172:INFO:Adding person290 of variety HIV? coupled
2018-12-20 23:36:52,172:INFO:Adding person297 of variety HIV- coupled
2018-12-20 23:36:52,172:INFO:Adding person2 of variety HIV? coupled
2018-12-20 23:36:52,172:INFO:Adding person6 of variety HIV? coupled
2018-12-20 23:36:52,172:INFO:Adding person156 of variety HIV- uncoupled
2018-12-20 23:36:52,172:INFO:Adding person219 of variety HIV- uncoupled
2018-12-20 23:36:52,769:INFO:Adding person9 of variety HIV- coupled
2018-12-20 23:36:52,769:INFO:Adding person18 of variety HIV- coupled
2018-12-20 23:36:52,770:INFO:Adding person27 of variety HIV- coupled
2018-12-20 23:36:52,770:INFO:Adding person31 of variety HIV- coupled
2018-12-20 23:36:52,770:INFO:Adding person36 of variety HIV- coupled
2018-12-20 23:36:52,770:INFO:Adding person42 of variety HIV- coupled
2018-12-20 23:36:52,770:INFO:Adding person54 of variety HIV- coupled
2018-12-20 23:36:52,770:INFO:Adding person79 of variety HIV- coupled
2018-12-20 23:36:52,770:INFO:Adding person87 of variety HIV- coupled
2018-12-20 23:36:52,770:INFO:Adding person90 of variety HIV- coupled
2018-12-20 23:36:52,771:INFO:Adding person96 of variety HIV- coupled
2018-12-20 23:36:52,771:INFO:Adding person105 of variety HIV- coupled
2018-12-20 23:36:52,771:INFO:Adding person115 of variety HIV- coupled
2018-12-20 23:36:52,771:INFO:Adding person123 of variety HIV- coupled
2018-12-20 23:36:52,771:INFO:Adding person137 of variety HIV- coupled
2018-12-20 23:36:52,771:INFO:Adding person150 of variety HIV- coupled
2018-12-20 23:36:52,772:INFO:Adding person157 of variety HIV- coupled
2018-12-20 23:36:52,772:INFO:Adding person167 of variety HIV- coupled
2018-12-20 23:36:52,772:INFO:Adding person174 of variety HIV- coupled
2018-12-20 23:36:52,772:INFO:Adding person177 of variety HIV- coupled
2018-12-20 23:36:52,772:INFO:Adding person182 of variety HIV- coupled
2018-12-20 23:36:52,772:INFO:Adding person190 of variety HIV- coupled
2018-12-20 23:36:52,772:INFO:Adding person196 of variety HIV- coupled
2018-12-20 23:36:52,772:INFO:Adding person205 of variety HIV- coupled
2018-12-20 23:36:52,772:INFO:Adding person210 of variety HIV- coupled
2018-12-20 23:36:52,772:INFO:Adding person214 of variety HIV- coupled
2018-12-20 23:36:52,773:INFO:Adding person223 of variety HIV- coupled
2018-12-20 23:36:52,773:INFO:Adding person227 of variety HIV- coupled
2018-12-20 23:36:52,773:INFO:Adding person235 of variety HIV- coupled
2018-12-20 23:36:52,773:INFO:Adding person244 of variety HIV- coupled
2018-12-20 23:36:52,773:INFO:Adding person254 of variety HIV- coupled
2018-12-20 23:36:52,773:INFO:Adding person257 of variety HIV- coupled
2018-12-20 23:36:52,773:INFO:Adding person265 of variety HIV- coupled
2018-12-20 23:36:52,773:INFO:Adding person272 of variety HIV- coupled
2018-12-20 23:36:52,773:INFO:Adding person287 of variety HIV- coupled
2018-12-20 23:36:52,774:INFO:Adding person3 of variety HIV? coupled
2018-12-20 23:36:52,774:INFO:Adding person7 of variety HIV? coupled
2018-12-20 23:36:52,774:INFO:Adding person204 of variety HIV- uncoupled
2018-12-20 23:36:52,801:INFO:Adding person20 of variety HIV- coupled
2018-12-20 23:36:52,801:INFO:Adding person23 of variety HIV- coupled
2018-12-20 23:36:52,801:INFO:Adding person46 of variety HIV- coupled
2018-12-20 23:36:52,801:INFO:Adding person51 of variety HIV- coupled
2018-12-20 23:36:52,801:INFO:Adding person59 of variety HIV- coupled
2018-12-20 23:36:52,801:INFO:Adding person63 of variety HIV- coupled
2018-12-20 23:36:52,802:INFO:Adding person67 of variety HIV- coupled
2018-12-20 23:36:52,802:INFO:Adding person72 of variety HIV- coupled
2018-12-20 23:36:52,802:INFO:Adding person75 of variety HIV- coupled
2018-12-20 23:36:52,802:INFO:Adding person81 of variety HIV- coupled
2018-12-20 23:36:52,802:INFO:Adding person107 of variety HIV- coupled
2018-12-20 23:36:52,802:INFO:Adding person114 of variety HIV- coupled
2018-12-20 23:36:52,802:INFO:Adding person118 of variety HIV- coupled
2018-12-20 23:36:52,802:INFO:Adding person121 of variety HIV- coupled
2018-12-20 23:36:52,802:INFO:Adding person125 of variety HIV- coupled
2018-12-20 23:36:52,802:INFO:Adding person135 of variety HIV- coupled
2018-12-20 23:36:52,802:INFO:Adding person155 of variety HIV- coupled
2018-12-20 23:36:52,802:INFO:Adding person165 of variety HIV- coupled
2018-12-20 23:36:52,802:INFO:Adding person197 of variety HIV- coupled
2018-12-20 23:36:52,802:INFO:Adding person212 of variety HIV- coupled
2018-12-20 23:36:52,802:INFO:Adding person228 of variety HIV- coupled
2018-12-20 23:36:52,803:INFO:Adding person237 of variety HIV- coupled
2018-12-20 23:36:52,803:INFO:Adding person246 of variety HIV- coupled
2018-12-20 23:36:52,803:INFO:Adding person219 of variety HIV- coupled
2018-12-20 23:36:52,803:INFO:Adding person81 of variety HIV- uncoupled
2018-12-20 23:36:52,803:INFO:Adding person219 of variety HIV- uncoupled
2018-12-20 23:36:53,327:INFO:Adding person21 of variety HIV- coupled
2018-12-20 23:36:53,327:INFO:Adding person52 of variety HIV- coupled
2018-12-20 23:36:53,327:INFO:Adding person68 of variety HIV- coupled
2018-12-20 23:36:53,327:INFO:Adding person77 of variety HIV- coupled
2018-12-20 23:36:53,328:INFO:Adding person91 of variety HIV- coupled
2018-12-20 23:36:53,328:INFO:Adding person109 of variety HIV- coupled
2018-12-20 23:36:53,328:INFO:Adding person120 of variety HIV- coupled
2018-12-20 23:36:53,328:INFO:Adding person127 of variety HIV- coupled
2018-12-20 23:36:53,328:INFO:Adding person142 of variety HIV- coupled
2018-12-20 23:36:53,329:INFO:Adding person158 of variety HIV- coupled
2018-12-20 23:36:53,329:INFO:Adding person170 of variety HIV- coupled
2018-12-20 23:36:53,329:INFO:Adding person184 of variety HIV- coupled
2018-12-20 23:36:53,329:INFO:Adding person202 of variety HIV- coupled
2018-12-20 23:36:53,329:INFO:Adding person225 of variety HIV- coupled
2018-12-20 23:36:53,330:INFO:Adding person238 of variety HIV- coupled
2018-12-20 23:36:53,330:INFO:Adding person270 of variety HIV- coupled
2018-12-20 23:36:53,330:INFO:Adding person278 of variety HIV- coupled
2018-12-20 23:36:53,330:INFO:Adding person283 of variety HIV- coupled
2018-12-20 23:36:53,330:INFO:Adding person292 of variety HIV- coupled
2018-12-20 23:36:53,330:INFO:Adding person204 of variety HIV- coupled
2018-12-20 23:36:53,331:INFO:Adding person219 of variety HIV- coupled
2018-12-20 23:36:53,353:INFO:Adding person19 of variety HIV- coupled
2018-12-20 23:36:53,353:INFO:Adding person34 of variety HIV- coupled
2018-12-20 23:36:53,353:INFO:Adding person45 of variety HIV- coupled
2018-12-20 23:36:53,353:INFO:Adding person71 of variety HIV- coupled
2018-12-20 23:36:53,353:INFO:Adding person85 of variety HIV- coupled
2018-12-20 23:36:53,353:INFO:Adding person94 of variety HIV- coupled
2018-12-20 23:36:53,353:INFO:Adding person101 of variety HIV- coupled
2018-12-20 23:36:53,353:INFO:Adding person104 of variety HIV- coupled
2018-12-20 23:36:53,353:INFO:Adding person116 of variety HIV- coupled
2018-12-20 23:36:53,353:INFO:Adding person132 of variety HIV- coupled
2018-12-20 23:36:53,353:INFO:Adding person180 of variety HIV- coupled
2018-12-20 23:36:53,353:INFO:Adding person187 of variety HIV- coupled
2018-12-20 23:36:53,354:INFO:Adding person213 of variety HIV- coupled
2018-12-20 23:36:53,354:INFO:Adding person232 of variety HIV- coupled
2018-12-20 23:36:53,354:INFO:Adding person156 of variety HIV- coupled
2018-12-20 23:36:53,354:INFO:Adding person167 of variety HIV- uncoupled
2018-12-20 23:36:53,354:INFO:Adding person77 of variety HIV- uncoupled
2018-12-20 23:36:53,354:INFO:Adding person156 of variety HIV- uncoupled
2018-12-20 23:36:53,920:INFO:Adding person25 of variety HIV- coupled
2018-12-20 23:36:53,920:INFO:Adding person47 of variety HIV- coupled
2018-12-20 23:36:53,920:INFO:Adding person61 of variety HIV- coupled
2018-12-20 23:36:53,921:INFO:Adding person83 of variety HIV- coupled
2018-12-20 23:36:53,921:INFO:Adding person92 of variety HIV- coupled
2018-12-20 23:36:53,921:INFO:Adding person117 of variety HIV- coupled
2018-12-20 23:36:53,922:INFO:Adding person171 of variety HIV- coupled
2018-12-20 23:36:53,922:INFO:Adding person186 of variety HIV- coupled
2018-12-20 23:36:53,922:INFO:Adding person222 of variety HIV- coupled
2018-12-20 23:36:53,923:INFO:Adding person261 of variety HIV- coupled
2018-12-20 23:36:53,923:INFO:Adding person279 of variety HIV- coupled
2018-12-20 23:36:53,923:INFO:Adding person298 of variety HIV- coupled
2018-12-20 23:36:53,947:INFO:Adding person15 of variety HIV- coupled
2018-12-20 23:36:53,947:INFO:Adding person32 of variety HIV- coupled
2018-12-20 23:36:53,947:INFO:Adding person43 of variety HIV- coupled
2018-12-20 23:36:53,948:INFO:Adding person66 of variety HIV- coupled
2018-12-20 23:36:53,948:INFO:Adding person73 of variety HIV- coupled
2018-12-20 23:36:53,948:INFO:Adding person88 of variety HIV- coupled
2018-12-20 23:36:53,948:INFO:Adding person113 of variety HIV- coupled
2018-12-20 23:36:53,948:INFO:Adding person143 of variety HIV- coupled
2018-12-20 23:36:53,948:INFO:Adding person146 of variety HIV- coupled
2018-12-20 23:36:53,949:INFO:Adding person152 of variety HIV- coupled
2018-12-20 23:36:53,949:INFO:Adding person195 of variety HIV- coupled
2018-12-20 23:36:53,949:INFO:Adding person259 of variety HIV- coupled
2018-12-20 23:36:53,949:INFO:Adding person81 of variety HIV- coupled
2018-12-20 23:36:53,949:INFO:Adding person245 of variety HIV- uncoupled
2018-12-20 23:36:53,950:INFO:Adding person88 of variety HIV- uncoupled
2018-12-20 23:36:53,950:INFO:Adding person81 of variety HIV- uncoupled
2018-12-20 23:36:54,495:INFO:Adding person124 of variety HIV- coupled
2018-12-20 23:36:54,495:INFO:Adding person160 of variety HIV- coupled
2018-12-20 23:36:54,496:INFO:Adding person231 of variety HIV- coupled
2018-12-20 23:36:54,496:INFO:Adding person299 of variety HIV- coupled
2018-12-20 23:36:54,514:INFO:Adding person60 of variety HIV- coupled
2018-12-20 23:36:54,515:INFO:Adding person140 of variety HIV- coupled
2018-12-20 23:36:54,515:INFO:Adding person207 of variety HIV- coupled
2018-12-20 23:36:54,515:INFO:Adding person282 of variety HIV- coupled
2018-12-20 23:36:54,515:INFO:Adding person245 of variety HIV- coupled
2018-12-20 23:36:54,515:INFO:Adding person81 of variety HIV- coupled
2018-12-20 23:36:54,515:INFO:Adding person282 of variety HIV- uncoupled
2018-12-20 23:36:54,515:INFO:Adding person81 of variety HIV- uncoupled
2018-12-20 23:36:55,113:INFO:Adding person162 of variety HIV- coupled
2018-12-20 23:36:55,114:INFO:Adding person176 of variety HIV- coupled
2018-12-20 23:36:55,114:INFO:Adding person218 of variety HIV- coupled
2018-12-20 23:36:55,114:INFO:Adding person240 of variety HIV- coupled
2018-12-20 23:36:55,114:INFO:Adding person243 of variety HIV- coupled
2018-12-20 23:36:55,114:INFO:Adding person277 of variety HIV- coupled
2018-12-20 23:36:55,115:INFO:Adding person204 of variety HIV- uncoupled
2018-12-20 23:36:55,115:INFO:Adding person245 of variety HIV- uncoupled
2018-12-20 23:36:55,129:INFO:Adding person16 of variety HIV- coupled
2018-12-20 23:36:55,129:INFO:Adding person56 of variety HIV- coupled
2018-12-20 23:36:55,129:INFO:Adding person70 of variety HIV- coupled
2018-12-20 23:36:55,129:INFO:Adding person99 of variety HIV- coupled
2018-12-20 23:36:55,129:INFO:Adding person164 of variety HIV- coupled
2018-12-20 23:36:55,129:INFO:Adding person183 of variety HIV- coupled
2018-12-20 23:36:55,129:INFO:Adding person209 of variety HIV- coupled
2018-12-20 23:36:55,129:INFO:Adding person167 of variety HIV- coupled
2018-12-20 23:36:55,130:INFO:Adding person99 of variety HIV- uncoupled
2018-12-20 23:36:55,130:INFO:Adding person167 of variety HIV- uncoupled
2018-12-20 23:36:55,739:INFO:Adding person139 of variety HIV- coupled
2018-12-20 23:36:55,739:INFO:Adding person185 of variety HIV- coupled
2018-12-20 23:36:55,740:INFO:Adding person285 of variety HIV- coupled
2018-12-20 23:36:55,741:INFO:Adding person176 of variety HIV- uncoupled
2018-12-20 23:36:55,753:INFO:Adding person110 of variety HIV- coupled
2018-12-20 23:36:55,753:INFO:Adding person156 of variety HIV- coupled
2018-12-20 23:36:55,753:INFO:Adding person282 of variety HIV- coupled
2018-12-20 23:36:55,753:INFO:Adding person245 of variety HIV- coupled
2018-12-20 23:36:55,753:INFO:Adding person95 of variety HIV- uncoupled
2018-12-20 23:36:55,753:INFO:Adding person253 of variety HIV- uncoupled
2018-12-20 23:36:55,754:INFO:Adding person156 of variety HIV- uncoupled
2018-12-20 23:36:55,754:INFO:Adding person245 of variety HIV- uncoupled
